[0.004s] Invoking command in '/home/bohn/FishRos/chapt2/chapt2_ws/build/demo_cpp_pkg': CMAKE_PREFIX_PATH=${CMAKE_PREFIX_PATH}:/home/bohn/FishRos/chapt2/chapt2_ws/install/demo_python_pkg:/opt/ros/humble /usr/bin/cmake --build /home/bohn/FishRos/chapt2/chapt2_ws/build/demo_cpp_pkg -- -j2 -l2
[0.013s] -- Found ament_cmake: 1.3.12 (/opt/ros/humble/share/ament_cmake/cmake)
[0.062s] -- Found rclcpp: 16.0.14 (/opt/ros/humble/share/rclcpp/cmake)
[0.072s] -- Found rosidl_generator_c: 3.1.7 (/opt/ros/humble/share/rosidl_generator_c/cmake)
[0.073s] -- Found rosidl_adapter: 3.1.7 (/opt/ros/humble/share/rosidl_adapter/cmake)
[0.075s] -- Found rosidl_generator_cpp: 3.1.7 (/opt/ros/humble/share/rosidl_generator_cpp/cmake)
[0.078s] -- Using all available rosidl_typesupport_c: rosidl_typesupport_fastrtps_c;rosidl_typesupport_introspection_c
[0.082s] -- Using all available rosidl_typesupport_cpp: rosidl_typesupport_fastrtps_cpp;rosidl_typesupport_introspection_cpp
[0.093s] -- Found rmw_implementation_cmake: 6.1.2 (/opt/ros/humble/share/rmw_implementation_cmake/cmake)
[0.094s] -- Found rmw_fastrtps_cpp: 6.2.8 (/opt/ros/humble/share/rmw_fastrtps_cpp/cmake)
[0.133s] -- Using RMW implementation 'rmw_fastrtps_cpp' as default
[0.152s] -- Found ament_lint_auto: 0.12.14 (/opt/ros/humble/share/ament_lint_auto/cmake)
[0.178s] -- Added test 'cppcheck' to perform static code analysis on C / C++ code
[0.178s] -- Configured cppcheck include dirs: /home/bohn/FishRos/chapt2/chapt2_ws/src/demo_cpp_pkg/include
[0.178s] -- Configured cppcheck exclude dirs and/or files: 
[0.179s] -- Added test 'flake8' to check Python code syntax and style conventions
[0.179s] -- Added test 'lint_cmake' to check CMake code style
[0.180s] -- Added test 'pep257' to check Python code against some of the docstring style conventions in PEP 257
[0.182s] -- Added test 'uncrustify' to check C / C++ code style
[0.182s] -- Configured uncrustify additional arguments: 
[0.182s] -- Added test 'xmllint' to check XML markup files
[0.183s] -- Configuring done
[0.190s] -- Generating done
[0.193s] -- Build files have been written to: /home/bohn/FishRos/chapt2/chapt2_ws/build/demo_cpp_pkg
[0.202s] [35m[1mConsolidate compiler generated dependencies of target person_node[0m
[0.203s] [35m[1mConsolidate compiler generated dependencies of target cpp_node[0m
[0.207s] [  7%] [32mBuilding CXX object CMakeFiles/person_node.dir/src/person_node.cpp.o[0m
[0.213s] [ 14%] [32mBuilding CXX object CMakeFiles/cpp_node.dir/src/cpp_node.cpp.o[0m
[1.591s] [ 21%] [32m[1mLinking CXX executable person_node[0m
[1.643s] [ 28%] [32m[1mLinking CXX executable cpp_node[0m
[1.644s] [ 28%] Built target person_node
[1.649s] [35m[1mConsolidate compiler generated dependencies of target learn_auto[0m
[1.655s] [ 35%] [32mBuilding CXX object CMakeFiles/learn_auto.dir/src/learn_auto.cpp.o[0m
[1.682s] [ 35%] Built target cpp_node
[1.686s] [35m[1mConsolidate compiler generated dependencies of target learn_shared_ptr[0m
[1.694s] [ 42%] [32mBuilding CXX object CMakeFiles/learn_shared_ptr.dir/src/learn_shared_ptr.cpp.o[0m
[1.750s] [ 50%] [32m[1mLinking CXX executable learn_auto[0m
[1.784s] [ 50%] Built target learn_auto
[1.792s] [35m[1mConsolidate compiler generated dependencies of target learn_lambda[0m
[1.796s] [ 57%] [32mBuilding CXX object CMakeFiles/learn_lambda.dir/src/learn_lambda.cpp.o[0m
[1.825s] [ 64%] [32m[1mLinking CXX executable learn_shared_ptr[0m
[1.854s] [ 64%] Built target learn_shared_ptr
[1.862s] [35m[1mConsolidate compiler generated dependencies of target learn_function[0m
[1.870s] [ 71%] [32mBuilding CXX object CMakeFiles/learn_function.dir/src/learn_function.cpp.o[0m
[1.930s] [ 78%] [32m[1mLinking CXX executable learn_lambda[0m
[1.962s] [ 78%] Built target learn_lambda
[1.968s] [ 85%] [32mBuilding CXX object CMakeFiles/learn_thread.dir/src/learn_thread.cpp.o[0m
[2.017s] [ 92%] [32m[1mLinking CXX executable learn_function[0m
[2.056s] [ 92%] Built target learn_function
[2.355s] [01m[K/home/bohn/FishRos/chapt2/chapt2_ws/src/demo_cpp_pkg/src/learn_thread.cpp:[m[K In member function â€˜[01m[Kvoid Download::download(const string&, const string&, const std::function<void(const std::__cxx11::basic_string<char>&, const std::__cxx11::basic_string<char>&)>&)[m[Kâ€™:
[2.355s] [01m[K/home/bohn/FishRos/chapt2/chapt2_ws/src/demo_cpp_pkg/src/learn_thread.cpp:15:13:[m[K [01;31m[Kerror: [m[Kâ€˜[01m[Kresponse[m[Kâ€™ was not declared in this scope
[2.355s]    15 |         if ([01;31m[Kresponse[m[K && response->status == 200)
[2.355s]       |             [01;31m[K^~~~~~~~[m[K
[2.751s] gmake[2]: *** [CMakeFiles/learn_thread.dir/build.make:76: CMakeFiles/learn_thread.dir/src/learn_thread.cpp.o] Error 1
[2.752s] gmake[1]: *** [CMakeFiles/Makefile2:305: CMakeFiles/learn_thread.dir/all] Error 2
[2.753s] gmake: *** [Makefile:146: all] Error 2
[2.759s] Invoked command in '/home/bohn/FishRos/chapt2/chapt2_ws/build/demo_cpp_pkg' returned '2': CMAKE_PREFIX_PATH=${CMAKE_PREFIX_PATH}:/home/bohn/FishRos/chapt2/chapt2_ws/install/demo_python_pkg:/opt/ros/humble /usr/bin/cmake --build /home/bohn/FishRos/chapt2/chapt2_ws/build/demo_cpp_pkg -- -j2 -l2
