-- Found ament_cmake: 1.3.12 (/opt/ros/humble/share/ament_cmake/cmake)
-- Found rclcpp: 16.0.14 (/opt/ros/humble/share/rclcpp/cmake)
-- Found rosidl_generator_c: 3.1.7 (/opt/ros/humble/share/rosidl_generator_c/cmake)
-- Found rosidl_adapter: 3.1.7 (/opt/ros/humble/share/rosidl_adapter/cmake)
-- Found rosidl_generator_cpp: 3.1.7 (/opt/ros/humble/share/rosidl_generator_cpp/cmake)
-- Using all available rosidl_typesupport_c: rosidl_typesupport_fastrtps_c;rosidl_typesupport_introspection_c
-- Using all available rosidl_typesupport_cpp: rosidl_typesupport_fastrtps_cpp;rosidl_typesupport_introspection_cpp
-- Found rmw_implementation_cmake: 6.1.2 (/opt/ros/humble/share/rmw_implementation_cmake/cmake)
-- Found rmw_fastrtps_cpp: 6.2.8 (/opt/ros/humble/share/rmw_fastrtps_cpp/cmake)
-- Using RMW implementation 'rmw_fastrtps_cpp' as default
-- Found geometry_msgs: 4.9.0 (/opt/ros/humble/share/geometry_msgs/cmake)
-- Found turtlesim: 1.4.2 (/opt/ros/humble/share/turtlesim/cmake)
-- Found ament_lint_auto: 0.12.14 (/opt/ros/humble/share/ament_lint_auto/cmake)
-- Added test 'cppcheck' to perform static code analysis on C / C++ code
-- Configured cppcheck include dirs: 
-- Configured cppcheck exclude dirs and/or files: 
-- Added test 'lint_cmake' to check CMake code style
-- Added test 'uncrustify' to check C / C++ code style
-- Configured uncrustify additional arguments: 
-- Added test 'xmllint' to check XML markup files
-- Configuring done
-- Generating done
-- Build files have been written to: /home/bohn/FishRos/chapt3/topic_ws/build/demo_cpp_topic
[35m[1mConsolidate compiler generated dependencies of target turtle_circle[0m
[ 25%] [32mBuilding CXX object CMakeFiles/turtle_control.dir/src/turtle_control.cpp.o[0m
[ 75%] Built target turtle_circle
[01m[K/home/bohn/FishRos/chapt3/topic_ws/src/demo_cpp_topic/src/turtle_control.cpp:50:45:[m[K [01;31m[Kerror: [m[Ktemplate argument 1 is invalid
   50 |     rclcpp::Subscription<turtlesim:msg::Pose[01;31m[K>[m[K::SharedPtr pose_subscription_;
      |                                             [01;31m[K^[m[K
[01m[K/home/bohn/FishRos/chapt3/topic_ws/src/demo_cpp_topic/src/turtle_control.cpp:50:45:[m[K [01;31m[Kerror: [m[Ktemplate argument 3 is invalid
[01m[K/home/bohn/FishRos/chapt3/topic_ws/src/demo_cpp_topic/src/turtle_control.cpp:50:45:[m[K [01;31m[Kerror: [m[Ktemplate argument 4 is invalid
[01m[K/home/bohn/FishRos/chapt3/topic_ws/src/demo_cpp_topic/src/turtle_control.cpp:50:45:[m[K [01;31m[Kerror: [m[Ktemplate argument 5 is invalid
[01m[K/home/bohn/FishRos/chapt3/topic_ws/src/demo_cpp_topic/src/turtle_control.cpp:50:48:[m[K [01;31m[Kerror: [m[Kexpected â€˜[01m[K;[m[Kâ€™ at end of member declaration
   50 |     rclcpp::Subscription<turtlesim:msg::Pose>::[01;31m[KSharedPtr[m[K pose_subscription_;
      |                                                [01;31m[K^~~~~~~~~[m[K
      |                                                         [32m[K;[m[K
[01m[K/home/bohn/FishRos/chapt3/topic_ws/src/demo_cpp_topic/src/turtle_control.cpp:50:58:[m[K [01;31m[Kerror: [m[Kâ€˜[01m[Kpose_subscription_[m[Kâ€™ does not name a type; did you mean â€˜[01m[Krmw_subscription_t[m[Kâ€™?
   50 |     rclcpp::Subscription<turtlesim:msg::Pose>::SharedPtr [01;31m[Kpose_subscription_[m[K;
      |                                                          [01;31m[K^~~~~~~~~~~~~~~~~~[m[K
      |                                                          [32m[Krmw_subscription_t[m[K
[01m[K/home/bohn/FishRos/chapt3/topic_ws/src/demo_cpp_topic/src/turtle_control.cpp:[m[K In constructor â€˜[01m[KTurtleController::TurtleController()[m[Kâ€™:
[01m[K/home/bohn/FishRos/chapt3/topic_ws/src/demo_cpp_topic/src/turtle_control.cpp:10:9:[m[K [01;31m[Kerror: [m[Kâ€˜[01m[Kpose_subscription_[m[Kâ€™ was not declared in this scope; did you mean â€˜[01m[Krmw_subscription_t[m[Kâ€™?
   10 |         [01;31m[Kpose_subscription_[m[K = this->create_subscription<turtlesim::msg::Pose>("/turtle1/pose",10,
      |         [01;31m[K^~~~~~~~~~~~~~~~~~[m[K
      |         [32m[Krmw_subscription_t[m[K
gmake[2]: *** [CMakeFiles/turtle_control.dir/build.make:76: CMakeFiles/turtle_control.dir/src/turtle_control.cpp.o] Error 1
gmake[1]: *** [CMakeFiles/Makefile2:165: CMakeFiles/turtle_control.dir/all] Error 2
gmake: *** [Makefile:146: all] Error 2
