[0.005s] Invoking command in '/home/bohn/FishRos/chapt3/topic_ws/build/demo_cpp_topic': CMAKE_PREFIX_PATH=${CMAKE_PREFIX_PATH}:/home/bohn/FishRos/chapt3/topic_ws/install/demo_python_topic:/opt/ros/humble /usr/bin/cmake --build /home/bohn/FishRos/chapt3/topic_ws/build/demo_cpp_topic -- -j2 -l2
[0.016s] -- Found ament_cmake: 1.3.12 (/opt/ros/humble/share/ament_cmake/cmake)
[0.064s] -- Found rclcpp: 16.0.14 (/opt/ros/humble/share/rclcpp/cmake)
[0.074s] -- Found rosidl_generator_c: 3.1.7 (/opt/ros/humble/share/rosidl_generator_c/cmake)
[0.075s] -- Found rosidl_adapter: 3.1.7 (/opt/ros/humble/share/rosidl_adapter/cmake)
[0.077s] -- Found rosidl_generator_cpp: 3.1.7 (/opt/ros/humble/share/rosidl_generator_cpp/cmake)
[0.081s] -- Using all available rosidl_typesupport_c: rosidl_typesupport_fastrtps_c;rosidl_typesupport_introspection_c
[0.085s] -- Using all available rosidl_typesupport_cpp: rosidl_typesupport_fastrtps_cpp;rosidl_typesupport_introspection_cpp
[0.096s] -- Found rmw_implementation_cmake: 6.1.2 (/opt/ros/humble/share/rmw_implementation_cmake/cmake)
[0.096s] -- Found rmw_fastrtps_cpp: 6.2.8 (/opt/ros/humble/share/rmw_fastrtps_cpp/cmake)
[0.135s] -- Using RMW implementation 'rmw_fastrtps_cpp' as default
[0.153s] -- Found geometry_msgs: 4.9.0 (/opt/ros/humble/share/geometry_msgs/cmake)
[0.157s] -- Found turtlesim: 1.4.2 (/opt/ros/humble/share/turtlesim/cmake)
[0.171s] -- Found ament_lint_auto: 0.12.14 (/opt/ros/humble/share/ament_lint_auto/cmake)
[0.197s] -- Added test 'cppcheck' to perform static code analysis on C / C++ code
[0.197s] -- Configured cppcheck include dirs: 
[0.197s] -- Configured cppcheck exclude dirs and/or files: 
[0.197s] -- Added test 'lint_cmake' to check CMake code style
[0.197s] -- Added test 'uncrustify' to check C / C++ code style
[0.197s] -- Configured uncrustify additional arguments: 
[0.197s] -- Added test 'xmllint' to check XML markup files
[0.198s] -- Configuring done
[0.203s] -- Generating done
[0.205s] -- Build files have been written to: /home/bohn/FishRos/chapt3/topic_ws/build/demo_cpp_topic
[0.215s] [35m[1mConsolidate compiler generated dependencies of target turtle_circle[0m
[0.221s] [ 25%] [32mBuilding CXX object CMakeFiles/turtle_control.dir/src/turtle_control.cpp.o[0m
[0.224s] [ 75%] Built target turtle_circle
[0.953s] [01m[K/home/bohn/FishRos/chapt3/topic_ws/src/demo_cpp_topic/src/turtle_control.cpp:50:45:[m[K [01;31m[Kerror: [m[Ktemplate argument 1 is invalid
[0.953s]    50 |     rclcpp::Subscription<turtlesim:msg::Pose[01;31m[K>[m[K::SharedPtr pose_subscription_;
[0.953s]       |                                             [01;31m[K^[m[K
[0.953s] [01m[K/home/bohn/FishRos/chapt3/topic_ws/src/demo_cpp_topic/src/turtle_control.cpp:50:45:[m[K [01;31m[Kerror: [m[Ktemplate argument 3 is invalid
[0.953s] [01m[K/home/bohn/FishRos/chapt3/topic_ws/src/demo_cpp_topic/src/turtle_control.cpp:50:45:[m[K [01;31m[Kerror: [m[Ktemplate argument 4 is invalid
[0.953s] [01m[K/home/bohn/FishRos/chapt3/topic_ws/src/demo_cpp_topic/src/turtle_control.cpp:50:45:[m[K [01;31m[Kerror: [m[Ktemplate argument 5 is invalid
[0.954s] [01m[K/home/bohn/FishRos/chapt3/topic_ws/src/demo_cpp_topic/src/turtle_control.cpp:50:48:[m[K [01;31m[Kerror: [m[Kexpected â€˜[01m[K;[m[Kâ€™ at end of member declaration
[0.954s]    50 |     rclcpp::Subscription<turtlesim:msg::Pose>::[01;31m[KSharedPtr[m[K pose_subscription_;
[0.954s]       |                                                [01;31m[K^~~~~~~~~[m[K
[0.954s]       |                                                         [32m[K;[m[K
[0.955s] [01m[K/home/bohn/FishRos/chapt3/topic_ws/src/demo_cpp_topic/src/turtle_control.cpp:50:58:[m[K [01;31m[Kerror: [m[Kâ€˜[01m[Kpose_subscription_[m[Kâ€™ does not name a type; did you mean â€˜[01m[Krmw_subscription_t[m[Kâ€™?
[0.955s]    50 |     rclcpp::Subscription<turtlesim:msg::Pose>::SharedPtr [01;31m[Kpose_subscription_[m[K;
[0.955s]       |                                                          [01;31m[K^~~~~~~~~~~~~~~~~~[m[K
[0.955s]       |                                                          [32m[Krmw_subscription_t[m[K
[0.961s] [01m[K/home/bohn/FishRos/chapt3/topic_ws/src/demo_cpp_topic/src/turtle_control.cpp:[m[K In constructor â€˜[01m[KTurtleController::TurtleController()[m[Kâ€™:
[0.961s] [01m[K/home/bohn/FishRos/chapt3/topic_ws/src/demo_cpp_topic/src/turtle_control.cpp:10:9:[m[K [01;31m[Kerror: [m[Kâ€˜[01m[Kpose_subscription_[m[Kâ€™ was not declared in this scope; did you mean â€˜[01m[Krmw_subscription_t[m[Kâ€™?
[0.961s]    10 |         [01;31m[Kpose_subscription_[m[K = this->create_subscription<turtlesim::msg::Pose>("/turtle1/pose",10,
[0.961s]       |         [01;31m[K^~~~~~~~~~~~~~~~~~[m[K
[0.961s]       |         [32m[Krmw_subscription_t[m[K
[1.743s] gmake[2]: *** [CMakeFiles/turtle_control.dir/build.make:76: CMakeFiles/turtle_control.dir/src/turtle_control.cpp.o] Error 1
[1.743s] gmake[1]: *** [CMakeFiles/Makefile2:165: CMakeFiles/turtle_control.dir/all] Error 2
[1.743s] gmake: *** [Makefile:146: all] Error 2
[1.745s] Invoked command in '/home/bohn/FishRos/chapt3/topic_ws/build/demo_cpp_topic' returned '2': CMAKE_PREFIX_PATH=${CMAKE_PREFIX_PATH}:/home/bohn/FishRos/chapt3/topic_ws/install/demo_python_topic:/opt/ros/humble /usr/bin/cmake --build /home/bohn/FishRos/chapt3/topic_ws/build/demo_cpp_topic -- -j2 -l2
