[01m[K/home/bohn/FishRos/chapt2/chapt2_ws/src/demo_cpp_pkg/src/learn_lambda.cpp:[m[K In function â€˜[01m[Kint main()[m[Kâ€™:
[01m[K/home/bohn/FishRos/chapt2/chapt2_ws/src/demo_cpp_pkg/src/learn_lambda.cpp:7:5:[m[K [01;31m[Kerror: [m[Kexpected â€˜[01m[K,[m[Kâ€™ or â€˜[01m[K;[m[Kâ€™ before â€˜[01m[Kint[m[Kâ€™
    7 |     [01;31m[Kint[m[K sum = add(3,5);
      |     [01;31m[K^~~[m[K
[01m[K/home/bohn/FishRos/chapt2/chapt2_ws/src/demo_cpp_pkg/src/learn_lambda.cpp:8:23:[m[K [01;31m[Kerror: [m[Kâ€˜[01m[Ksum[m[Kâ€™ was not declared in this scope
    8 |     auto print_sum = [[01;31m[Ksum[m[K]() -> void { std::cout << "3 +5 = " << sum << std::endl; };
      |                       [01;31m[K^~~[m[K
[01m[K/home/bohn/FishRos/chapt2/chapt2_ws/src/demo_cpp_pkg/src/learn_lambda.cpp:[m[K In lambda function:
[01m[K/home/bohn/FishRos/chapt2/chapt2_ws/src/demo_cpp_pkg/src/learn_lambda.cpp:8:66:[m[K [01;31m[Kerror: [m[Kâ€˜[01m[Ksum[m[Kâ€™ is not captured
    8 |     auto print_sum = [sum]() -> void { std::cout << "3 +5 = " << [01;31m[Ksum[m[K << std::endl; };
      |                                                                  [01;31m[K^~~[m[K
[01m[K/home/bohn/FishRos/chapt2/chapt2_ws/src/demo_cpp_pkg/src/learn_lambda.cpp:8:26:[m[K [01;36m[Knote: [m[Kthe lambda has no capture-default
    8 |     auto print_sum = [sum[01;36m[K][m[K() -> void { std::cout << "3 +5 = " << sum << std::endl; };
      |                          [01;36m[K^[m[K
[01m[K/home/bohn/FishRos/chapt2/chapt2_ws/src/demo_cpp_pkg/src/learn_lambda.cpp:8:23:[m[K [01;36m[Knote: [m[Kâ€˜[01m[K<typeprefixerror>sum[m[Kâ€™ declared here
    8 |     auto print_sum = [[01;36m[Ksum[m[K]() -> void { std::cout << "3 +5 = " << sum << std::endl; };
      |                       [01;36m[K^~~[m[K
gmake[2]: *** [CMakeFiles/learn_lambda.dir/build.make:76: CMakeFiles/learn_lambda.dir/src/learn_lambda.cpp.o] Error 1
gmake[1]: *** [CMakeFiles/Makefile2:249: CMakeFiles/learn_lambda.dir/all] Error 2
gmake: *** [Makefile:146: all] Error 2
