[0.004s] Invoking command in '/home/bohn/FishRos/chapt2/chapt2_ws/build/demo_cpp_pkg': CMAKE_PREFIX_PATH=${CMAKE_PREFIX_PATH}:/home/bohn/FishRos/chapt2/chapt2_ws/install/demo_python_pkg:/opt/ros/humble /usr/bin/cmake --build /home/bohn/FishRos/chapt2/chapt2_ws/build/demo_cpp_pkg -- -j2 -l2
[0.025s] [ 30%] Built target person_node
[0.025s] [ 40%] Built target cpp_node
[0.031s] [ 60%] Built target learn_auto
[0.034s] [35m[1mConsolidate compiler generated dependencies of target learn_lambda[0m
[0.035s] [ 80%] Built target learn_shared_ptr
[0.037s] [ 90%] [32mBuilding CXX object CMakeFiles/learn_lambda.dir/src/learn_lambda.cpp.o[0m
[0.137s] [01m[K/home/bohn/FishRos/chapt2/chapt2_ws/src/demo_cpp_pkg/src/learn_lambda.cpp:[m[K In function â€˜[01m[Kint main()[m[Kâ€™:
[0.137s] [01m[K/home/bohn/FishRos/chapt2/chapt2_ws/src/demo_cpp_pkg/src/learn_lambda.cpp:7:5:[m[K [01;31m[Kerror: [m[Kexpected â€˜[01m[K,[m[Kâ€™ or â€˜[01m[K;[m[Kâ€™ before â€˜[01m[Kint[m[Kâ€™
[0.137s]     7 |     [01;31m[Kint[m[K sum = add(3,5);
[0.137s]       |     [01;31m[K^~~[m[K
[0.139s] [01m[K/home/bohn/FishRos/chapt2/chapt2_ws/src/demo_cpp_pkg/src/learn_lambda.cpp:8:23:[m[K [01;31m[Kerror: [m[Kâ€˜[01m[Ksum[m[Kâ€™ was not declared in this scope
[0.139s]     8 |     auto print_sum = [[01;31m[Ksum[m[K]() -> void { std::cout << "3 +5 = " << sum << std::endl; };
[0.139s]       |                       [01;31m[K^~~[m[K
[0.139s] [01m[K/home/bohn/FishRos/chapt2/chapt2_ws/src/demo_cpp_pkg/src/learn_lambda.cpp:[m[K In lambda function:
[0.139s] [01m[K/home/bohn/FishRos/chapt2/chapt2_ws/src/demo_cpp_pkg/src/learn_lambda.cpp:8:66:[m[K [01;31m[Kerror: [m[Kâ€˜[01m[Ksum[m[Kâ€™ is not captured
[0.139s]     8 |     auto print_sum = [sum]() -> void { std::cout << "3 +5 = " << [01;31m[Ksum[m[K << std::endl; };
[0.139s]       |                                                                  [01;31m[K^~~[m[K
[0.139s] [01m[K/home/bohn/FishRos/chapt2/chapt2_ws/src/demo_cpp_pkg/src/learn_lambda.cpp:8:26:[m[K [01;36m[Knote: [m[Kthe lambda has no capture-default
[0.139s]     8 |     auto print_sum = [sum[01;36m[K][m[K() -> void { std::cout << "3 +5 = " << sum << std::endl; };
[0.139s]       |                          [01;36m[K^[m[K
[0.139s] [01m[K/home/bohn/FishRos/chapt2/chapt2_ws/src/demo_cpp_pkg/src/learn_lambda.cpp:8:23:[m[K [01;36m[Knote: [m[Kâ€˜[01m[K<typeprefixerror>sum[m[Kâ€™ declared here
[0.139s]     8 |     auto print_sum = [[01;36m[Ksum[m[K]() -> void { std::cout << "3 +5 = " << sum << std::endl; };
[0.139s]       |                       [01;36m[K^~~[m[K
[0.151s] gmake[2]: *** [CMakeFiles/learn_lambda.dir/build.make:76: CMakeFiles/learn_lambda.dir/src/learn_lambda.cpp.o] Error 1
[0.151s] gmake[1]: *** [CMakeFiles/Makefile2:249: CMakeFiles/learn_lambda.dir/all] Error 2
[0.151s] gmake: *** [Makefile:146: all] Error 2
[0.152s] Invoked command in '/home/bohn/FishRos/chapt2/chapt2_ws/build/demo_cpp_pkg' returned '2': CMAKE_PREFIX_PATH=${CMAKE_PREFIX_PATH}:/home/bohn/FishRos/chapt2/chapt2_ws/install/demo_python_pkg:/opt/ros/humble /usr/bin/cmake --build /home/bohn/FishRos/chapt2/chapt2_ws/build/demo_cpp_pkg -- -j2 -l2
