[0.003s] Invoking command in '/home/bohn/FishRos/chapt2/chapt2_ws/build/demo_cpp_pkg': CMAKE_PREFIX_PATH=/opt/ros/humble /usr/bin/cmake --build /home/bohn/FishRos/chapt2/chapt2_ws/build/demo_cpp_pkg -- -j2 -l2
[0.012s] -- Found ament_cmake: 1.3.12 (/opt/ros/humble/share/ament_cmake/cmake)
[0.058s] -- Found rclcpp: 16.0.14 (/opt/ros/humble/share/rclcpp/cmake)
[0.068s] -- Found rosidl_generator_c: 3.1.7 (/opt/ros/humble/share/rosidl_generator_c/cmake)
[0.069s] -- Found rosidl_adapter: 3.1.7 (/opt/ros/humble/share/rosidl_adapter/cmake)
[0.071s] -- Found rosidl_generator_cpp: 3.1.7 (/opt/ros/humble/share/rosidl_generator_cpp/cmake)
[0.074s] -- Using all available rosidl_typesupport_c: rosidl_typesupport_fastrtps_c;rosidl_typesupport_introspection_c
[0.078s] -- Using all available rosidl_typesupport_cpp: rosidl_typesupport_fastrtps_cpp;rosidl_typesupport_introspection_cpp
[0.088s] -- Found rmw_implementation_cmake: 6.1.2 (/opt/ros/humble/share/rmw_implementation_cmake/cmake)
[0.089s] -- Found rmw_fastrtps_cpp: 6.2.8 (/opt/ros/humble/share/rmw_fastrtps_cpp/cmake)
[0.126s] -- Using RMW implementation 'rmw_fastrtps_cpp' as default
[0.144s] -- Found ament_lint_auto: 0.12.14 (/opt/ros/humble/share/ament_lint_auto/cmake)
[0.167s] -- Added test 'cppcheck' to perform static code analysis on C / C++ code
[0.168s] -- Configured cppcheck include dirs: 
[0.168s] -- Configured cppcheck exclude dirs and/or files: 
[0.168s] -- Added test 'lint_cmake' to check CMake code style
[0.168s] -- Added test 'uncrustify' to check C / C++ code style
[0.168s] -- Configured uncrustify additional arguments: 
[0.168s] -- Added test 'xmllint' to check XML markup files
[0.168s] -- Configuring done
[0.173s] -- Generating done
[0.175s] -- Build files have been written to: /home/bohn/FishRos/chapt2/chapt2_ws/build/demo_cpp_pkg
[0.183s] [35m[1mConsolidate compiler generated dependencies of target cpp_node[0m
[0.183s] [35m[1mConsolidate compiler generated dependencies of target person_node[0m
[0.188s] [ 25%] Built target person_node
[0.191s] [35m[1mConsolidate compiler generated dependencies of target learn_auto[0m
[0.194s] [ 62%] [32mBuilding CXX object CMakeFiles/learn_auto.dir/src/learn_auto.cpp.o[0m
[0.194s] [ 62%] Built target cpp_node
[0.200s] [ 75%] [32mBuilding CXX object CMakeFiles/learn_shared_ptr.dir/src/learn_shared_ptr.cpp.o[0m
[0.274s] [ 87%] [32m[1mLinking CXX executable learn_auto[0m
[0.286s] [01m[K/home/bohn/FishRos/chapt2/chapt2_ws/src/demo_cpp_pkg/src/learn_shared_ptr.cpp:[m[K In function â€˜[01m[Kint main()[m[Kâ€™:
[0.287s] [01m[K/home/bohn/FishRos/chapt2/chapt2_ws/src/demo_cpp_pkg/src/learn_shared_ptr.cpp:7:38:[m[K [01;31m[Kerror: [m[Kâ€˜[01m[Kp1[m[Kâ€™ was not declared in this scope; did you mean â€˜[01m[Kpa[m[Kâ€™?
[0.287s]     7 |     std::cout << "p1 count is : " << [01;31m[Kp1[m[K.use_count() << ", point to :" << p1.get()
[0.287s]       |                                      [01;31m[K^~[m[K
[0.287s]       |                                      [32m[Kpa[m[K
[0.298s] [ 87%] Built target learn_auto
[0.302s] gmake[2]: *** [CMakeFiles/learn_shared_ptr.dir/build.make:76: CMakeFiles/learn_shared_ptr.dir/src/learn_shared_ptr.cpp.o] Error 1
[0.302s] gmake[1]: *** [CMakeFiles/Makefile2:221: CMakeFiles/learn_shared_ptr.dir/all] Error 2
[0.302s] gmake: *** [Makefile:146: all] Error 2
[0.303s] Invoked command in '/home/bohn/FishRos/chapt2/chapt2_ws/build/demo_cpp_pkg' returned '2': CMAKE_PREFIX_PATH=/opt/ros/humble /usr/bin/cmake --build /home/bohn/FishRos/chapt2/chapt2_ws/build/demo_cpp_pkg -- -j2 -l2
