[0.004s] Invoking command in '/home/bohn/FishRos/chapt2/chapt2_ws/build/demo_cpp_pkg': CMAKE_PREFIX_PATH=${CMAKE_PREFIX_PATH}:/home/bohn/FishRos/chapt2/chapt2_ws/install/demo_python_pkg:/opt/ros/humble /usr/bin/cmake --build /home/bohn/FishRos/chapt2/chapt2_ws/build/demo_cpp_pkg -- -j2 -l2
[0.014s] -- Found ament_cmake: 1.3.12 (/opt/ros/humble/share/ament_cmake/cmake)
[0.061s] -- Found rclcpp: 16.0.14 (/opt/ros/humble/share/rclcpp/cmake)
[0.072s] -- Found rosidl_generator_c: 3.1.7 (/opt/ros/humble/share/rosidl_generator_c/cmake)
[0.073s] -- Found rosidl_adapter: 3.1.7 (/opt/ros/humble/share/rosidl_adapter/cmake)
[0.075s] -- Found rosidl_generator_cpp: 3.1.7 (/opt/ros/humble/share/rosidl_generator_cpp/cmake)
[0.078s] -- Using all available rosidl_typesupport_c: rosidl_typesupport_fastrtps_c;rosidl_typesupport_introspection_c
[0.082s] -- Using all available rosidl_typesupport_cpp: rosidl_typesupport_fastrtps_cpp;rosidl_typesupport_introspection_cpp
[0.093s] -- Found rmw_implementation_cmake: 6.1.2 (/opt/ros/humble/share/rmw_implementation_cmake/cmake)
[0.093s] -- Found rmw_fastrtps_cpp: 6.2.8 (/opt/ros/humble/share/rmw_fastrtps_cpp/cmake)
[0.131s] -- Using RMW implementation 'rmw_fastrtps_cpp' as default
[0.150s] -- Found ament_lint_auto: 0.12.14 (/opt/ros/humble/share/ament_lint_auto/cmake)
[0.174s] -- Added test 'cppcheck' to perform static code analysis on C / C++ code
[0.175s] -- Configured cppcheck include dirs: 
[0.175s] -- Configured cppcheck exclude dirs and/or files: 
[0.175s] -- Added test 'lint_cmake' to check CMake code style
[0.175s] -- Added test 'uncrustify' to check C / C++ code style
[0.175s] -- Configured uncrustify additional arguments: 
[0.175s] -- Added test 'xmllint' to check XML markup files
[0.175s] -- Configuring done
[0.181s] -- Generating done
[0.184s] -- Build files have been written to: /home/bohn/FishRos/chapt2/chapt2_ws/build/demo_cpp_pkg
[0.192s] [35m[1mConsolidate compiler generated dependencies of target person_node[0m
[0.193s] [35m[1mConsolidate compiler generated dependencies of target cpp_node[0m
[0.198s] [ 16%] Built target person_node
[0.200s] [35m[1mConsolidate compiler generated dependencies of target learn_auto[0m
[0.204s] [ 41%] Built target learn_auto
[0.204s] [ 50%] Built target cpp_node
[0.207s] [35m[1mConsolidate compiler generated dependencies of target learn_shared_ptr[0m
[0.209s] [35m[1mConsolidate compiler generated dependencies of target learn_lambda[0m
[0.210s] [ 66%] Built target learn_shared_ptr
[0.217s] [ 75%] [32mBuilding CXX object CMakeFiles/learn_function.dir/src/learn_function.cpp.o[0m
[0.221s] [ 83%] [32mBuilding CXX object CMakeFiles/learn_lambda.dir/src/learn_lambda.cpp.o[0m
[0.234s] [01m[K/home/bohn/FishRos/chapt2/chapt2_ws/src/demo_cpp_pkg/src/learn_function.cpp:2:10:[m[K [01;31m[Kfatal error: [m[Kfunctinal: No such file or directory
[0.234s]     2 | #include [01;31m[K<functinal>[m[K
[0.234s]       |          [01;31m[K^~~~~~~~~~~[m[K
[0.234s] compilation terminated.
[0.235s] gmake[2]: *** [CMakeFiles/learn_function.dir/build.make:76: CMakeFiles/learn_function.dir/src/learn_function.cpp.o] Error 1
[0.236s] gmake[1]: *** [CMakeFiles/Makefile2:277: CMakeFiles/learn_function.dir/all] Error 2
[0.236s] gmake[1]: *** Waiting for unfinished jobs....
[0.342s] [ 91%] [32m[1mLinking CXX executable learn_lambda[0m
[0.368s] [ 91%] Built target learn_lambda
[0.369s] gmake: *** [Makefile:146: all] Error 2
[0.370s] Invoked command in '/home/bohn/FishRos/chapt2/chapt2_ws/build/demo_cpp_pkg' returned '2': CMAKE_PREFIX_PATH=${CMAKE_PREFIX_PATH}:/home/bohn/FishRos/chapt2/chapt2_ws/install/demo_python_pkg:/opt/ros/humble /usr/bin/cmake --build /home/bohn/FishRos/chapt2/chapt2_ws/build/demo_cpp_pkg -- -j2 -l2
