-- Found ament_cmake: 1.3.12 (/opt/ros/humble/share/ament_cmake/cmake)
-- Found rclcpp: 16.0.14 (/opt/ros/humble/share/rclcpp/cmake)
-- Found rosidl_generator_c: 3.1.7 (/opt/ros/humble/share/rosidl_generator_c/cmake)
-- Found rosidl_adapter: 3.1.7 (/opt/ros/humble/share/rosidl_adapter/cmake)
-- Found rosidl_generator_cpp: 3.1.7 (/opt/ros/humble/share/rosidl_generator_cpp/cmake)
-- Using all available rosidl_typesupport_c: rosidl_typesupport_fastrtps_c;rosidl_typesupport_introspection_c
-- Using all available rosidl_typesupport_cpp: rosidl_typesupport_fastrtps_cpp;rosidl_typesupport_introspection_cpp
-- Found rmw_implementation_cmake: 6.1.2 (/opt/ros/humble/share/rmw_implementation_cmake/cmake)
-- Found rmw_fastrtps_cpp: 6.2.8 (/opt/ros/humble/share/rmw_fastrtps_cpp/cmake)
-- Using RMW implementation 'rmw_fastrtps_cpp' as default
-- Found ament_lint_auto: 0.12.14 (/opt/ros/humble/share/ament_lint_auto/cmake)
-- Added test 'cppcheck' to perform static code analysis on C / C++ code
-- Configured cppcheck include dirs: 
-- Configured cppcheck exclude dirs and/or files: 
-- Added test 'lint_cmake' to check CMake code style
-- Added test 'uncrustify' to check C / C++ code style
-- Configured uncrustify additional arguments: 
-- Added test 'xmllint' to check XML markup files
-- Configuring done
-- Generating done
-- Build files have been written to: /home/bohn/FishRos/chapt2/chapt2_ws/build/demo_cpp_pkg
[35m[1mConsolidate compiler generated dependencies of target person_node[0m
[35m[1mConsolidate compiler generated dependencies of target cpp_node[0m
[ 20%] Built target person_node
[35m[1mConsolidate compiler generated dependencies of target learn_auto[0m
[ 50%] Built target learn_auto
[ 60%] Built target cpp_node
[35m[1mConsolidate compiler generated dependencies of target learn_shared_ptr[0m
[ 80%] Built target learn_shared_ptr
[ 90%] [32mBuilding CXX object CMakeFiles/learn_lambda.dir/src/learn_lambda.cpp.o[0m
[01m[K/home/bohn/FishRos/chapt2/chapt2_ws/src/demo_cpp_pkg/src/learn_lambda.cpp:[m[K In function â€˜[01m[Kint main()[m[Kâ€™:
[01m[K/home/bohn/FishRos/chapt2/chapt2_ws/src/demo_cpp_pkg/src/learn_lambda.cpp:7:5:[m[K [01;31m[Kerror: [m[Kexpected â€˜[01m[K,[m[Kâ€™ or â€˜[01m[K;[m[Kâ€™ before â€˜[01m[Kint[m[Kâ€™
    7 |     [01;31m[Kint[m[K sum = add(3,5);
      |     [01;31m[K^~~[m[K
[01m[K/home/bohn/FishRos/chapt2/chapt2_ws/src/demo_cpp_pkg/src/learn_lambda.cpp:8:23:[m[K [01;31m[Kerror: [m[Kâ€˜[01m[Ksum[m[Kâ€™ was not declared in this scope
    8 |     auto print_sum = [[01;31m[Ksum[m[K]() -> void { std::cout << "3 +5 = " << sum << std::endl; }
      |                       [01;31m[K^~~[m[K
[01m[K/home/bohn/FishRos/chapt2/chapt2_ws/src/demo_cpp_pkg/src/learn_lambda.cpp:[m[K In lambda function:
[01m[K/home/bohn/FishRos/chapt2/chapt2_ws/src/demo_cpp_pkg/src/learn_lambda.cpp:8:66:[m[K [01;31m[Kerror: [m[Kâ€˜[01m[Ksum[m[Kâ€™ is not captured
    8 |     auto print_sum = [sum]() -> void { std::cout << "3 +5 = " << [01;31m[Ksum[m[K << std::endl; }
      |                                                                  [01;31m[K^~~[m[K
[01m[K/home/bohn/FishRos/chapt2/chapt2_ws/src/demo_cpp_pkg/src/learn_lambda.cpp:8:26:[m[K [01;36m[Knote: [m[Kthe lambda has no capture-default
    8 |     auto print_sum = [sum[01;36m[K][m[K() -> void { std::cout << "3 +5 = " << sum << std::endl; }
      |                          [01;36m[K^[m[K
[01m[K/home/bohn/FishRos/chapt2/chapt2_ws/src/demo_cpp_pkg/src/learn_lambda.cpp:8:23:[m[K [01;36m[Knote: [m[Kâ€˜[01m[K<typeprefixerror>sum[m[Kâ€™ declared here
    8 |     auto print_sum = [[01;36m[Ksum[m[K]() -> void { std::cout << "3 +5 = " << sum << std::endl; }
      |                       [01;36m[K^~~[m[K
[01m[K/home/bohn/FishRos/chapt2/chapt2_ws/src/demo_cpp_pkg/src/learn_lambda.cpp:[m[K In function â€˜[01m[Kint main()[m[Kâ€™:
[01m[K/home/bohn/FishRos/chapt2/chapt2_ws/src/demo_cpp_pkg/src/learn_lambda.cpp:9:5:[m[K [01;31m[Kerror: [m[Kexpected â€˜[01m[K,[m[Kâ€™ or â€˜[01m[K;[m[Kâ€™ before â€˜[01m[Kprint_sum[m[Kâ€™
    9 |     [01;31m[Kprint_sum[m[K();
      |     [01;31m[K^~~~~~~~~[m[K
gmake[2]: *** [CMakeFiles/learn_lambda.dir/build.make:76: CMakeFiles/learn_lambda.dir/src/learn_lambda.cpp.o] Error 1
gmake[1]: *** [CMakeFiles/Makefile2:249: CMakeFiles/learn_lambda.dir/all] Error 2
gmake: *** [Makefile:146: all] Error 2
