[0.003s] Invoking command in '/home/bohn/FishRos/chapt2/chapt2_ws/build/demo_cpp_pkg': CMAKE_PREFIX_PATH=${CMAKE_PREFIX_PATH}:/home/bohn/FishRos/chapt2/chapt2_ws/install/demo_python_pkg:/opt/ros/humble /usr/bin/cmake --build /home/bohn/FishRos/chapt2/chapt2_ws/build/demo_cpp_pkg -- -j2 -l2
[0.013s] -- Found ament_cmake: 1.3.12 (/opt/ros/humble/share/ament_cmake/cmake)
[0.060s] -- Found rclcpp: 16.0.14 (/opt/ros/humble/share/rclcpp/cmake)
[0.070s] -- Found rosidl_generator_c: 3.1.7 (/opt/ros/humble/share/rosidl_generator_c/cmake)
[0.071s] -- Found rosidl_adapter: 3.1.7 (/opt/ros/humble/share/rosidl_adapter/cmake)
[0.073s] -- Found rosidl_generator_cpp: 3.1.7 (/opt/ros/humble/share/rosidl_generator_cpp/cmake)
[0.076s] -- Using all available rosidl_typesupport_c: rosidl_typesupport_fastrtps_c;rosidl_typesupport_introspection_c
[0.080s] -- Using all available rosidl_typesupport_cpp: rosidl_typesupport_fastrtps_cpp;rosidl_typesupport_introspection_cpp
[0.091s] -- Found rmw_implementation_cmake: 6.1.2 (/opt/ros/humble/share/rmw_implementation_cmake/cmake)
[0.092s] -- Found rmw_fastrtps_cpp: 6.2.8 (/opt/ros/humble/share/rmw_fastrtps_cpp/cmake)
[0.130s] -- Using RMW implementation 'rmw_fastrtps_cpp' as default
[0.148s] -- Found ament_lint_auto: 0.12.14 (/opt/ros/humble/share/ament_lint_auto/cmake)
[0.173s] -- Added test 'cppcheck' to perform static code analysis on C / C++ code
[0.173s] -- Configured cppcheck include dirs: 
[0.173s] -- Configured cppcheck exclude dirs and/or files: 
[0.174s] -- Added test 'lint_cmake' to check CMake code style
[0.174s] -- Added test 'uncrustify' to check C / C++ code style
[0.174s] -- Configured uncrustify additional arguments: 
[0.174s] -- Added test 'xmllint' to check XML markup files
[0.175s] -- Configuring done
[0.183s] -- Generating done
[0.185s] -- Build files have been written to: /home/bohn/FishRos/chapt2/chapt2_ws/build/demo_cpp_pkg
[0.193s] [35m[1mConsolidate compiler generated dependencies of target person_node[0m
[0.193s] [35m[1mConsolidate compiler generated dependencies of target cpp_node[0m
[0.199s] [ 20%] Built target person_node
[0.202s] [35m[1mConsolidate compiler generated dependencies of target learn_auto[0m
[0.205s] [ 50%] Built target learn_auto
[0.205s] [ 60%] Built target cpp_node
[0.208s] [35m[1mConsolidate compiler generated dependencies of target learn_shared_ptr[0m
[0.211s] [ 80%] Built target learn_shared_ptr
[0.212s] [ 90%] [32mBuilding CXX object CMakeFiles/learn_lambda.dir/src/learn_lambda.cpp.o[0m
[0.326s] [01m[K/home/bohn/FishRos/chapt2/chapt2_ws/src/demo_cpp_pkg/src/learn_lambda.cpp:[m[K In function â€˜[01m[Kint main()[m[Kâ€™:
[0.326s] [01m[K/home/bohn/FishRos/chapt2/chapt2_ws/src/demo_cpp_pkg/src/learn_lambda.cpp:7:5:[m[K [01;31m[Kerror: [m[Kexpected â€˜[01m[K,[m[Kâ€™ or â€˜[01m[K;[m[Kâ€™ before â€˜[01m[Kint[m[Kâ€™
[0.326s]     7 |     [01;31m[Kint[m[K sum = add(3,5);
[0.326s]       |     [01;31m[K^~~[m[K
[0.327s] [01m[K/home/bohn/FishRos/chapt2/chapt2_ws/src/demo_cpp_pkg/src/learn_lambda.cpp:8:23:[m[K [01;31m[Kerror: [m[Kâ€˜[01m[Ksum[m[Kâ€™ was not declared in this scope
[0.327s]     8 |     auto print_sum = [[01;31m[Ksum[m[K]() -> void { std::cout << "3 +5 = " << sum << std::endl; }
[0.327s]       |                       [01;31m[K^~~[m[K
[0.327s] [01m[K/home/bohn/FishRos/chapt2/chapt2_ws/src/demo_cpp_pkg/src/learn_lambda.cpp:[m[K In lambda function:
[0.327s] [01m[K/home/bohn/FishRos/chapt2/chapt2_ws/src/demo_cpp_pkg/src/learn_lambda.cpp:8:66:[m[K [01;31m[Kerror: [m[Kâ€˜[01m[Ksum[m[Kâ€™ is not captured
[0.327s]     8 |     auto print_sum = [sum]() -> void { std::cout << "3 +5 = " << [01;31m[Ksum[m[K << std::endl; }
[0.327s]       |                                                                  [01;31m[K^~~[m[K
[0.327s] [01m[K/home/bohn/FishRos/chapt2/chapt2_ws/src/demo_cpp_pkg/src/learn_lambda.cpp:8:26:[m[K [01;36m[Knote: [m[Kthe lambda has no capture-default
[0.327s]     8 |     auto print_sum = [sum[01;36m[K][m[K() -> void { std::cout << "3 +5 = " << sum << std::endl; }
[0.328s]       |                          [01;36m[K^[m[K
[0.328s] [01m[K/home/bohn/FishRos/chapt2/chapt2_ws/src/demo_cpp_pkg/src/learn_lambda.cpp:8:23:[m[K [01;36m[Knote: [m[Kâ€˜[01m[K<typeprefixerror>sum[m[Kâ€™ declared here
[0.328s]     8 |     auto print_sum = [[01;36m[Ksum[m[K]() -> void { std::cout << "3 +5 = " << sum << std::endl; }
[0.328s]       |                       [01;36m[K^~~[m[K
[0.328s] [01m[K/home/bohn/FishRos/chapt2/chapt2_ws/src/demo_cpp_pkg/src/learn_lambda.cpp:[m[K In function â€˜[01m[Kint main()[m[Kâ€™:
[0.328s] [01m[K/home/bohn/FishRos/chapt2/chapt2_ws/src/demo_cpp_pkg/src/learn_lambda.cpp:9:5:[m[K [01;31m[Kerror: [m[Kexpected â€˜[01m[K,[m[Kâ€™ or â€˜[01m[K;[m[Kâ€™ before â€˜[01m[Kprint_sum[m[Kâ€™
[0.328s]     9 |     [01;31m[Kprint_sum[m[K();
[0.328s]       |     [01;31m[K^~~~~~~~~[m[K
[0.339s] gmake[2]: *** [CMakeFiles/learn_lambda.dir/build.make:76: CMakeFiles/learn_lambda.dir/src/learn_lambda.cpp.o] Error 1
[0.339s] gmake[1]: *** [CMakeFiles/Makefile2:249: CMakeFiles/learn_lambda.dir/all] Error 2
[0.339s] gmake: *** [Makefile:146: all] Error 2
[0.340s] Invoked command in '/home/bohn/FishRos/chapt2/chapt2_ws/build/demo_cpp_pkg' returned '2': CMAKE_PREFIX_PATH=${CMAKE_PREFIX_PATH}:/home/bohn/FishRos/chapt2/chapt2_ws/install/demo_python_pkg:/opt/ros/humble /usr/bin/cmake --build /home/bohn/FishRos/chapt2/chapt2_ws/build/demo_cpp_pkg -- -j2 -l2
